<?xml version="1.0" encoding="UTF-8"?>
<!-- Generated by org.testng.reporters.JUnitReportReporter -->
<testsuite skipped="0" hostname="Kris-Laptop" name="basics3" tests="1" failures="0" timestamp="22 Dec 2017 14:49:28 GMT" time="3.617" errors="0">
  <testcase name="getAndDeletePlace" time="3.617" classname="basics3"/>
</testsuite> <!-- basics3 -->
