<?xml version="1.0" encoding="UTF-8"?>
<!-- Generated by org.testng.reporters.JUnitReportReporter -->
<testsuite skipped="0" hostname="Kris-Laptop" name="basics5" tests="1" failures="0" timestamp="26 Dec 2017 23:48:57 GMT" time="2.534" errors="0">
  <testcase name="test" time="2.534" classname="basics5"/>
</testsuite> <!-- basics5 -->
