<?xml version="1.0" encoding="UTF-8"?>
<!-- Generated by org.testng.reporters.JUnitReportReporter -->
<testsuite skipped="0" hostname="Kris-Laptop" name="tests.basics5" tests="1" failures="0" timestamp="03 Jan 2018 12:57:14 GMT" time="0.427" errors="0">
  <testcase name="extractingNamesAPI" time="0.427" classname="tests.basics5"/>
</testsuite> <!-- tests.basics5 -->
