<?xml version="1.0" encoding="UTF-8"?>
<!-- Generated by org.testng.reporters.JUnitReportReporter -->
<testsuite skipped="0" hostname="Kris-Laptop" name="tests.basics6" tests="1" failures="0" timestamp="03 Jan 2018 12:57:14 GMT" time="0.657" errors="0">
  <testcase name="JiraAPI" time="0.657" classname="tests.basics6"/>
</testsuite> <!-- tests.basics6 -->
