<?xml version="1.0" encoding="UTF-8"?>
<!-- Generated by org.testng.reporters.JUnitReportReporter -->
<testsuite skipped="0" hostname="Kris-Laptop" name="basics2" tests="1" failures="0" timestamp="22 Dec 2017 14:08:29 GMT" time="2.818" errors="0">
  <testcase name="postData" time="2.818" classname="basics2"/>
</testsuite> <!-- basics2 -->
