<?xml version="1.0" encoding="UTF-8"?>
<!-- Generated by org.testng.reporters.JUnitReportReporter -->
<testsuite skipped="0" hostname="Kris-Laptop" name="basics7" tests="1" failures="0" timestamp="28 Dec 2017 13:38:13 GMT" time="2.495" errors="0">
  <testcase name="JiraAPI" time="2.495" classname="basics7"/>
</testsuite> <!-- basics7 -->
