<?xml version="1.0" encoding="UTF-8"?>
<!-- Generated by org.testng.reporters.JUnitReportReporter -->
<testsuite skipped="0" hostname="Kris-Laptop" name="basics6" tests="1" failures="0" timestamp="28 Dec 2017 13:26:10 GMT" time="3.438" errors="0">
  <testcase name="JiraAPI" time="3.438" classname="basics6"/>
</testsuite> <!-- basics6 -->
