<?xml version="1.0" encoding="UTF-8"?>
<!-- Generated by org.testng.reporters.JUnitReportReporter -->
<testsuite skipped="0" hostname="Kris-Laptop" name="basics" tests="1" failures="0" timestamp="26 Dec 2017 23:43:07 GMT" time="4.490" errors="0">
  <testcase name="test" time="4.490" classname="basics"/>
</testsuite> <!-- basics -->
