<?xml version="1.0" encoding="UTF-8"?>
<!-- Generated by org.testng.reporters.JUnitReportReporter -->
<testsuite skipped="0" hostname="Kris-Laptop" name="basics4" tests="1" failures="0" timestamp="26 Dec 2017 23:12:18 GMT" time="2.413" errors="0">
  <testcase name="postData" time="2.413" classname="basics4"/>
</testsuite> <!-- basics4 -->
